2023-12-09 13:51:32.541 [info] Started initializing default profile extensions in extensions installation folder. file:///root/.vscode/extensions
2023-12-09 13:51:32.960 [error] [uncaught exception in sharedProcess]: Error: ENOENT: no such file or directory, stat '/root/.vscode/extensions/extensions.json.vsctmp': EntryNotFound (FileSystemError): Error: ENOENT: no such file or directory, stat '/root/.vscode/extensions/extensions.json.vsctmp'
    at s.create (/usr/share/code/resources/app/out/vs/code/node/sharedProcess/sharedProcessMain.js:51:30209)
    at i (/usr/share/code/resources/app/out/vs/code/node/sharedProcess/sharedProcessMain.js:51:30329)
    at t.fb (/usr/share/code/resources/app/out/vs/code/node/sharedProcess/sharedProcessMain.js:56:35755)
    at t.stat (/usr/share/code/resources/app/out/vs/code/node/sharedProcess/sharedProcessMain.js:56:28201)
    at async w.stat (/usr/share/code/resources/app/out/vs/code/node/sharedProcess/sharedProcessMain.js:56:15579)
    at async Q.tb (/usr/share/code/resources/app/out/vs/code/node/sharedProcess/sharedProcessMain.js:109:9514)
2023-12-09 13:51:32.975 [warning] Failed to create default profile extensions manifest in extensions installation folder. file:///root/.vscode/extensions Unable to create file 'vscode-userdata:/root/.vscode/extensions/extensions.json' that already exists when overwrite flag is not set
2023-12-09 13:51:32.976 [info] Completed initializing default profile extensions in extensions installation folder. file:///root/.vscode/extensions
2023-12-09 13:53:44.185 [info] Getting Manifest... doggy8088.k8s-snippets
2023-12-09 13:53:44.199 [info] Installing extension: doggy8088.k8s-snippets
2023-12-09 13:53:44.741 [info] Getting Manifest... redhat.vscode-yaml
2023-12-09 13:53:44.767 [info] Getting Manifest... ms-kubernetes-tools.vscode-kubernetes-tools
2023-12-09 13:53:44.804 [info] Getting Manifest... mitchdenny.ecdc
2023-12-09 13:53:44.831 [info] Getting Manifest... shaimendel.kubernetesapply
2023-12-09 13:53:44.978 [info] Installing extension: redhat.vscode-yaml doggy8088.k8s-snippets
2023-12-09 13:53:44.978 [info] Installing extension: ms-kubernetes-tools.vscode-kubernetes-tools doggy8088.k8s-snippets
2023-12-09 13:53:44.979 [info] Installing extension: mitchdenny.ecdc doggy8088.k8s-snippets
2023-12-09 13:53:44.979 [info] Installing extension: shaimendel.kubernetesapply doggy8088.k8s-snippets
2023-12-09 13:53:50.208 [info] Extension signature is verified: redhat.vscode-yaml
2023-12-09 13:53:50.216 [info] Extension signature is verified: mitchdenny.ecdc
2023-12-09 13:53:50.258 [info] Extension signature is verified: shaimendel.kubernetesapply
2023-12-09 13:53:50.374 [info] Extracted extension to file:///root/.vscode/extensions/shaimendel.kubernetesapply-1.4.1: shaimendel.kubernetesapply
2023-12-09 13:53:50.387 [info] Renamed to /root/.vscode/extensions/shaimendel.kubernetesapply-1.4.1
2023-12-09 13:53:50.394 [info] Extracting extension completed. shaimendel.kubernetesapply
2023-12-09 13:53:50.421 [error] [uncaught exception in sharedProcess]: Error: ENOENT: no such file or directory, stat '/root/.vscode/extensions/extensions.json.vsctmp': EntryNotFound (FileSystemError): Error: ENOENT: no such file or directory, stat '/root/.vscode/extensions/extensions.json.vsctmp'
    at s.create (/usr/share/code/resources/app/out/vs/code/node/sharedProcess/sharedProcessMain.js:51:30209)
    at i (/usr/share/code/resources/app/out/vs/code/node/sharedProcess/sharedProcessMain.js:51:30329)
    at t.fb (/usr/share/code/resources/app/out/vs/code/node/sharedProcess/sharedProcessMain.js:56:35755)
    at t.stat (/usr/share/code/resources/app/out/vs/code/node/sharedProcess/sharedProcessMain.js:56:28201)
    at async w.stat (/usr/share/code/resources/app/out/vs/code/node/sharedProcess/sharedProcessMain.js:56:15579)
    at async Q.tb (/usr/share/code/resources/app/out/vs/code/node/sharedProcess/sharedProcessMain.js:109:9514)
2023-12-09 13:53:50.541 [info] Extracted extension to file:///root/.vscode/extensions/redhat.vscode-yaml-1.14.0: redhat.vscode-yaml
2023-12-09 13:53:50.550 [info] Renamed to /root/.vscode/extensions/redhat.vscode-yaml-1.14.0
2023-12-09 13:53:50.555 [info] Extracting extension completed. redhat.vscode-yaml
2023-12-09 13:53:50.641 [error] [uncaught exception in sharedProcess]: Error: ENOENT: no such file or directory, stat '/root/.vscode/extensions/extensions.json.vsctmp': EntryNotFound (FileSystemError): Error: ENOENT: no such file or directory, stat '/root/.vscode/extensions/extensions.json.vsctmp'
    at s.create (/usr/share/code/resources/app/out/vs/code/node/sharedProcess/sharedProcessMain.js:51:30209)
    at i (/usr/share/code/resources/app/out/vs/code/node/sharedProcess/sharedProcessMain.js:51:30329)
    at t.fb (/usr/share/code/resources/app/out/vs/code/node/sharedProcess/sharedProcessMain.js:56:35755)
    at t.stat (/usr/share/code/resources/app/out/vs/code/node/sharedProcess/sharedProcessMain.js:56:28201)
    at async w.stat (/usr/share/code/resources/app/out/vs/code/node/sharedProcess/sharedProcessMain.js:56:15579)
    at async Q.tb (/usr/share/code/resources/app/out/vs/code/node/sharedProcess/sharedProcessMain.js:109:9514)
2023-12-09 13:53:50.669 [info] Extracted extension to file:///root/.vscode/extensions/mitchdenny.ecdc-1.8.0: mitchdenny.ecdc
2023-12-09 13:53:50.678 [info] Renamed to /root/.vscode/extensions/mitchdenny.ecdc-1.8.0
2023-12-09 13:53:50.685 [info] Extracting extension completed. mitchdenny.ecdc
2023-12-09 13:53:54.507 [info] Extension signature is verified: ms-kubernetes-tools.vscode-kubernetes-tools
2023-12-09 13:53:54.762 [info] Extracted extension to file:///root/.vscode/extensions/ms-kubernetes-tools.vscode-kubernetes-tools-1.3.15: ms-kubernetes-tools.vscode-kubernetes-tools
2023-12-09 13:53:54.773 [info] Renamed to /root/.vscode/extensions/ms-kubernetes-tools.vscode-kubernetes-tools-1.3.15
2023-12-09 13:53:54.778 [info] Extracting extension completed. ms-kubernetes-tools.vscode-kubernetes-tools
2023-12-09 13:53:54.907 [error] [uncaught exception in sharedProcess]: Error: ENOENT: no such file or directory, stat '/root/.vscode/extensions/extensions.json.vsctmp': EntryNotFound (FileSystemError): Error: ENOENT: no such file or directory, stat '/root/.vscode/extensions/extensions.json.vsctmp'
    at s.create (/usr/share/code/resources/app/out/vs/code/node/sharedProcess/sharedProcessMain.js:51:30209)
    at i (/usr/share/code/resources/app/out/vs/code/node/sharedProcess/sharedProcessMain.js:51:30329)
    at t.fb (/usr/share/code/resources/app/out/vs/code/node/sharedProcess/sharedProcessMain.js:56:35755)
    at t.stat (/usr/share/code/resources/app/out/vs/code/node/sharedProcess/sharedProcessMain.js:56:28201)
    at async w.stat (/usr/share/code/resources/app/out/vs/code/node/sharedProcess/sharedProcessMain.js:56:15579)
    at async Q.tb (/usr/share/code/resources/app/out/vs/code/node/sharedProcess/sharedProcessMain.js:109:9514)
2023-12-09 13:53:58.370 [info] Extension signature is verified: doggy8088.k8s-snippets
2023-12-09 13:53:58.387 [info] Extracted extension to file:///root/.vscode/extensions/doggy8088.k8s-snippets-0.4.2: doggy8088.k8s-snippets
2023-12-09 13:53:58.395 [info] Renamed to /root/.vscode/extensions/doggy8088.k8s-snippets-0.4.2
2023-12-09 13:53:58.398 [info] Extracting extension completed. doggy8088.k8s-snippets
2023-12-09 13:53:58.417 [info] Extension installed successfully: shaimendel.kubernetesapply
2023-12-09 13:53:58.417 [info] Extension installed successfully: redhat.vscode-yaml
2023-12-09 13:53:58.418 [info] Extension installed successfully: mitchdenny.ecdc
2023-12-09 13:53:58.418 [info] Extension installed successfully: ms-kubernetes-tools.vscode-kubernetes-tools
2023-12-09 13:53:58.419 [info] Extension installed successfully: doggy8088.k8s-snippets
2023-12-09 13:53:58.483 [error] [uncaught exception in sharedProcess]: Error: ENOENT: no such file or directory, stat '/root/.vscode/extensions/extensions.json.vsctmp': EntryNotFound (FileSystemError): Error: ENOENT: no such file or directory, stat '/root/.vscode/extensions/extensions.json.vsctmp'
    at s.create (/usr/share/code/resources/app/out/vs/code/node/sharedProcess/sharedProcessMain.js:51:30209)
    at i (/usr/share/code/resources/app/out/vs/code/node/sharedProcess/sharedProcessMain.js:51:30329)
    at t.fb (/usr/share/code/resources/app/out/vs/code/node/sharedProcess/sharedProcessMain.js:56:35755)
    at t.stat (/usr/share/code/resources/app/out/vs/code/node/sharedProcess/sharedProcessMain.js:56:28201)
    at async w.stat (/usr/share/code/resources/app/out/vs/code/node/sharedProcess/sharedProcessMain.js:56:15579)
    at async Q.tb (/usr/share/code/resources/app/out/vs/code/node/sharedProcess/sharedProcessMain.js:109:9514)
2023-12-09 14:15:05.777 [info] Getting Manifest... ms-azuretools.vscode-docker
2023-12-09 14:15:05.792 [info] Installing extension: ms-azuretools.vscode-docker
2023-12-09 14:15:10.302 [info] Extension signature is verified: ms-azuretools.vscode-docker
2023-12-09 14:15:10.510 [info] Extracted extension to file:///root/.vscode/extensions/ms-azuretools.vscode-docker-1.28.0: ms-azuretools.vscode-docker
2023-12-09 14:15:10.522 [info] Renamed to /root/.vscode/extensions/ms-azuretools.vscode-docker-1.28.0
2023-12-09 14:15:10.538 [info] Extracting extension completed. ms-azuretools.vscode-docker
2023-12-09 14:15:10.559 [info] Extension installed successfully: ms-azuretools.vscode-docker
2023-12-09 14:15:10.628 [error] [uncaught exception in sharedProcess]: Error: ENOENT: no such file or directory, stat '/root/.vscode/extensions/extensions.json.vsctmp': EntryNotFound (FileSystemError): Error: ENOENT: no such file or directory, stat '/root/.vscode/extensions/extensions.json.vsctmp'
    at s.create (/usr/share/code/resources/app/out/vs/code/node/sharedProcess/sharedProcessMain.js:51:30209)
    at i (/usr/share/code/resources/app/out/vs/code/node/sharedProcess/sharedProcessMain.js:51:30329)
    at t.fb (/usr/share/code/resources/app/out/vs/code/node/sharedProcess/sharedProcessMain.js:56:35755)
    at t.stat (/usr/share/code/resources/app/out/vs/code/node/sharedProcess/sharedProcessMain.js:56:28201)
    at async w.stat (/usr/share/code/resources/app/out/vs/code/node/sharedProcess/sharedProcessMain.js:56:15579)
    at async Q.tb (/usr/share/code/resources/app/out/vs/code/node/sharedProcess/sharedProcessMain.js:109:9514)
